<?xml version="1.0" encoding="UTF-8"?>
<!-- Generated by org.testng.reporters.JUnitReportReporter -->
<testsuite name="com.test.AddTest" tests="6" time="0.014" ignored="0" failures="0" timestamp="13 Feb 2017 23:26:48 GMT" skipped="0" hostname="reddys-MacBook-Pro.local" errors="0">
  <testcase name="test" time="0.000" classname="com.test.AddTest"/>
  <testcase name="test" time="0.002" classname="com.test.AddTest"/>
  <testcase name="test" time="0.001" classname="com.test.AddTest"/>
  <testcase name="test" time="0.001" classname="com.test.AddTest"/>
  <testcase name="test" time="0.001" classname="com.test.AddTest"/>
  <testcase name="f" time="0.009" classname="com.test.AddTest"/>
</testsuite> <!-- com.test.AddTest -->
